<?xml version="1.0" encoding="UTF-8"?>
<!-- Generated by org.testng.reporters.JUnitReportReporter -->
<testsuite skipped="0" hostname="DESKTOP-14Q4JMV" name="testscripts.TC1" tests="3" failures="0" timestamp="2021-01-13T13:57:04 IST" time="84.589" errors="0">
  <testcase name="login" time="7.371" classname="testscripts.TC1"/>
  <system-out/>
  <testcase name="myaddress" time="8.763" classname="testscripts.TC1"/>
  <system-out/>
  <testcase name="Womenaction" time="68.455" classname="testscripts.TC1"/>
  <system-out/>
</testsuite> <!-- testscripts.TC1 -->
